Active-HDL 13.0.376.8320 2024-02-06 15:36:03

Elaboration top modules:
Architecture                  behavior(tb_read_image_vhdl)


--------------------------------------------------------------------------------------------------------
Entity             | Architecture | Library    | Info | Compiler Version          | Compilation Options
--------------------------------------------------------------------------------------------------------
tb_read_image_vhdl | behavior     | jl_project |      | 13.0.376.8320 (Windows64) | -O3
read_image_VHDL    | behavioral   | jl_project |      | 13.0.376.8320 (Windows64) | -O3
--------------------------------------------------------------------------------------------------------

--------------------------------------------------------------------------------------------------------
VHDL Package                      | Library    | Info | Compiler Version          | Compilation Options
--------------------------------------------------------------------------------------------------------
standard                          | std        |      |                           | <unavailable>
TEXTIO                            | std        |      | 13.0.376.8320 (Windows64) |  -2019
std_logic_1164                    | ieee       |      | 13.0.376.8320 (Windows64) |  -2008
NUMERIC_STD                       | ieee       |      | 13.0.376.8320 (Windows64) |  -2008
--------------------------------------------------------------------------------------------------------

--------------------------------------------------------------------------------------------------------
Library                           | Comment
--------------------------------------------------------------------------------------------------------
ieee                              | Standard IEEE packages library
jl_project                        | None
std                               | Standard VHDL library
--------------------------------------------------------------------------------------------------------


Simulation Options: asim +access +r tb_read_image_vhdl


The performance of simulation is reduced. Version Student Edition
